[2026-05-10T04:19:13Z] === ENRICH ITERATION 1 START | repo=rust-cli/anstyle sha=0fe6f0ff ===
[2026-05-10T04:19:13Z] [iter=1] PHASE START: enrich repo=rust-cli/anstyle sha=0fe6f0ff runlog=/home/runner/work/forx/forx/storage/aggregate/lsp/logs/0fe6f0ff-enrich-iter-001.log output=/home/runner/work/forx/forx/storage/aggregate/lsp/0fe6f0ff6d52e9f91d4071199bd0b24bd46f3d35.nq.gz
[2026-05-10T04:19:13Z] [iter=1] Step 1: Loading AST into disk-backed store mem_mb=77 MB
[2026-05-10T04:19:17Z] [iter=1] AST store loaded triples=448142 load_secs=4 mem_mb=666 MB
[2026-05-10T04:19:17Z] [iter=1] Step 2: Finding LSP targets mem_mb=666 MB
[2026-05-10T04:19:17Z] [iter=1] LSP targets found call_sites=3459 imports=89 extends=0 implements=50 secs=1
[2026-05-10T04:19:18Z] [iter=1] Step 2.7: Building position index (one-shot, shared across resolvers) mem_mb=666 MB
[2026-05-10T04:19:20Z] [iter=1] Position index built positions=28019 nodes_with_types=35838 secs=2 mem_mb=666 MB
[2026-05-10T04:19:20Z] [iter=1] Step 3: Starting LSP resolution mem_mb=666 MB already_completed_types=[] already_completed_files=0
[2026-05-10T04:19:20Z] [iter=1] Resolving target type target_type=call_site count=3459
[2026-05-10T04:20:47Z] [iter=1] HEARTBEAT target_type=call_site elapsed_min=1.6 files_done=1 resolved=1 errors=277 current=crates/anstyle-parse/examples/parselog.rs
[2026-05-10T04:21:28Z] [iter=1] HEARTBEAT target_type=call_site elapsed_min=2.3 files_done=5 resolved=114 errors=494 current=crates/anstyle-roff/src/styled_str.rs
[2026-05-10T04:22:12Z] [iter=1] HEARTBEAT target_type=call_site elapsed_min=3.0 files_done=8 resolved=357 errors=737 current=crates/anstyle/src/color.rs
[2026-05-10T04:22:45Z] [iter=1] HEARTBEAT target_type=call_site elapsed_min=3.5 files_done=9 resolved=411 errors=931 current=crates/anstyle/src/effect.rs
[2026-05-10T04:23:26Z] [iter=1] HEARTBEAT target_type=call_site elapsed_min=4.2 files_done=13 resolved=522 errors=1175 current=crates/anstyle-wincon/examples/dump-wincon.rs
[2026-05-10T04:24:13Z] [iter=1] HEARTBEAT target_type=call_site elapsed_min=5.0 files_done=17 resolved=637 errors=1448 current=crates/anstyle-wincon/src/windows.rs
[2026-05-10T04:25:00Z] [iter=1] HEARTBEAT target_type=call_site elapsed_min=5.8 files_done=27 resolved=793 errors=1714 current=crates/anstyle-wincon/examples/set-wincon.rs
[2026-05-10T04:25:33Z] [iter=1] HEARTBEAT target_type=call_site elapsed_min=6.3 files_done=33 resolved=836 errors=1892 current=crates/anstream/src/strip.rs
[2026-05-10T04:26:06Z] [iter=1] HEARTBEAT target_type=call_site elapsed_min=6.9 files_done=42 resolved=947 errors=2071 current=crates/anstyle-parse/src/state/definitions.rs
[2026-05-10T04:26:21Z] [iter=1] Target type resolved target_type=call_site resolved=1061 errors=2140 secs=421 mem_mb=666 MB
[2026-05-10T04:26:21Z] [iter=1] Resolving target type target_type=import_statement count=89
[2026-05-10T04:26:36Z] [iter=1] Target type resolved target_type=import_statement resolved=66 errors=0 secs=15 mem_mb=666 MB
[2026-05-10T04:26:36Z] [iter=1] Resolving target type target_type=implements_clause count=50
[2026-05-10T04:26:37Z] [iter=1] HEARTBEAT target_type=implements_clause elapsed_min=7.4 files_done=0 resolved=0 errors=0 current=crates/anstyle-parse/src/lib.rs
[2026-05-10T04:26:49Z] [iter=1] Target type resolved target_type=implements_clause resolved=43 errors=0 secs=13 mem_mb=666 MB
[2026-05-10T04:27:02Z] [iter=1] Step 5: Writing final enrichment file triples=26577
[2026-05-10T04:27:02Z] [iter=1] Enrichment file written path=/home/runner/work/forx/forx/storage/aggregate/lsp/0fe6f0ff6d52e9f91d4071199bd0b24bd46f3d35.nq.gz size_kb=510
[2026-05-10T04:27:02Z] [iter=1] PHASE END: enrich elapsed_s=469 elapsed_min=7.8 total_triples=26577
