[2026-05-10T09:47:55Z] === ENRICH ITERATION 1 START | repo=rust-cli/anstyle sha=2a2bebb1 ===
[2026-05-10T09:47:55Z] [iter=1] PHASE START: enrich repo=rust-cli/anstyle sha=2a2bebb1 runlog=/home/runner/work/forx/forx/storage/aggregate/lsp/logs/2a2bebb1-enrich-iter-001.log output=/home/runner/work/forx/forx/storage/aggregate/lsp/2a2bebb1995eee2146ade598a1255c2f78f28547.nq.gz
[2026-05-10T09:47:55Z] [iter=1] Step 1: Loading AST into disk-backed store mem_mb=77 MB
[2026-05-10T09:47:57Z] [iter=1] AST store loaded triples=215216 load_secs=2 mem_mb=371 MB
[2026-05-10T09:47:57Z] [iter=1] Step 2: Finding LSP targets mem_mb=371 MB
[2026-05-10T09:47:57Z] [iter=1] LSP targets found call_sites=1384 imports=53 extends=0 implements=22 secs=0
[2026-05-10T09:47:57Z] [iter=1] Step 2.7: Building position index (one-shot, shared across resolvers) mem_mb=371 MB
[2026-05-10T09:47:58Z] [iter=1] Position index built positions=13276 nodes_with_types=16351 secs=1 mem_mb=371 MB
[2026-05-10T09:47:58Z] [iter=1] Step 3: Starting LSP resolution mem_mb=371 MB already_completed_types=[] already_completed_files=0
[2026-05-10T09:47:58Z] [iter=1] Resolving target type target_type=call_site count=1384
[2026-05-10T09:48:27Z] [iter=1] HEARTBEAT target_type=call_site elapsed_min=0.5 files_done=1 resolved=20 errors=23 current=crates/anstyle-parse/examples/parselog.rs
[2026-05-10T09:49:00Z] [iter=1] HEARTBEAT target_type=call_site elapsed_min=1.1 files_done=8 resolved=235 errors=371 current=crates/anstyle-roff/src/styled_str.rs
[2026-05-10T09:49:29Z] [iter=1] Target type resolved target_type=call_site resolved=623 errors=633 secs=91 mem_mb=371 MB
[2026-05-10T09:49:29Z] [iter=1] Resolving target type target_type=import_statement count=53
[2026-05-10T09:49:36Z] [iter=1] HEARTBEAT target_type=import_statement elapsed_min=1.7 files_done=1 resolved=10 errors=0 current=crates/anstyle-parse/benches/parse.rs
[2026-05-10T09:49:42Z] [iter=1] Target type resolved target_type=import_statement resolved=40 errors=0 secs=12 mem_mb=371 MB
[2026-05-10T09:49:42Z] [iter=1] Resolving target type target_type=implements_clause count=22
[2026-05-10T09:49:51Z] [iter=1] Target type resolved target_type=implements_clause resolved=21 errors=0 secs=10 mem_mb=371 MB
[2026-05-10T09:50:03Z] [iter=1] Step 5: Writing final enrichment file triples=12717
[2026-05-10T09:50:03Z] [iter=1] Enrichment file written path=/home/runner/work/forx/forx/storage/aggregate/lsp/2a2bebb1995eee2146ade598a1255c2f78f28547.nq.gz size_kb=237
[2026-05-10T09:50:03Z] [iter=1] PHASE END: enrich elapsed_s=128 elapsed_min=2.1 total_triples=12717
